0 info it worked if it ends with ok
1 verbose cli [ '/usr/local/bin/node', '/usr/local/bin/npm', 'start' ]
2 info using npm@3.10.10
3 info using node@v6.11.1
4 verbose run-script [ 'prestart', 'start', 'poststart' ]
5 info lifecycle nytimes.js@1.1.0~prestart: nytimes.js@1.1.0
6 silly lifecycle nytimes.js@1.1.0~prestart: no script for prestart, continuing
7 info lifecycle nytimes.js@1.1.0~start: nytimes.js@1.1.0
8 verbose lifecycle nytimes.js@1.1.0~start: unsafe-perm in lifecycle true
9 verbose lifecycle nytimes.js@1.1.0~start: PATH: /usr/local/lib/node_modules/npm/bin/node-gyp-bin:/Users/sbarghshoon/Desktop/nytimes.js/node_modules/.bin:/Library/Frameworks/Python.framework/Versions/2.7/bin:/Users/sbarghshoon/.rbenv/bin:/usr/local/rvm/gems/ruby-1.9.3-p392/bin:/usr/local/rvm/gems/ruby-1.9.3-p392@global/bin:/usr/local/rvm/rubies/ruby-1.9.3-p392/bin:/usr/local/rvm/bin:/usr/bin:/bin:/usr/sbin:/sbin:/usr/local/bin:/usr/local/git/bin:/usr/X11/bin:/opt/sm/bin:/opt/sm/pkg/active/bin:/opt/sm/pkg/active/sbin:/usr/local/mongodb/bin:/usr/local/mongodb/bin
10 verbose lifecycle nytimes.js@1.1.0~start: CWD: /Users/sbarghshoon/Desktop/nytimes.js
11 silly lifecycle nytimes.js@1.1.0~start: Args: [ '-c', 'grunt serve' ]
12 silly lifecycle nytimes.js@1.1.0~start: Returned: code: 1  signal: null
13 info lifecycle nytimes.js@1.1.0~start: Failed to exec start script
14 verbose stack Error: nytimes.js@1.1.0 start: `grunt serve`
14 verbose stack Exit status 1
14 verbose stack     at EventEmitter.<anonymous> (/usr/local/lib/node_modules/npm/lib/utils/lifecycle.js:255:16)
14 verbose stack     at emitTwo (events.js:106:13)
14 verbose stack     at EventEmitter.emit (events.js:191:7)
14 verbose stack     at ChildProcess.<anonymous> (/usr/local/lib/node_modules/npm/lib/utils/spawn.js:40:14)
14 verbose stack     at emitTwo (events.js:106:13)
14 verbose stack     at ChildProcess.emit (events.js:191:7)
14 verbose stack     at maybeClose (internal/child_process.js:891:16)
14 verbose stack     at Process.ChildProcess._handle.onexit (internal/child_process.js:226:5)
15 verbose pkgid nytimes.js@1.1.0
16 verbose cwd /Users/sbarghshoon/Desktop/nytimes.js
17 error Darwin 10.8.0
18 error argv "/usr/local/bin/node" "/usr/local/bin/npm" "start"
19 error node v6.11.1
20 error npm  v3.10.10
21 error code ELIFECYCLE
22 error nytimes.js@1.1.0 start: `grunt serve`
22 error Exit status 1
23 error Failed at the nytimes.js@1.1.0 start script 'grunt serve'.
23 error Make sure you have the latest version of node.js and npm installed.
23 error If you do, this is most likely a problem with the nytimes.js package,
23 error not with npm itself.
23 error Tell the author that this fails on your system:
23 error     grunt serve
23 error You can get information on how to open an issue for this project with:
23 error     npm bugs nytimes.js
23 error Or if that isn't available, you can get their info via:
23 error     npm owner ls nytimes.js
23 error There is likely additional logging output above.
24 verbose exit [ 1, true ]
